[0.017s] Invoking command in '/workspaces/isaac_ros-dev/src/ws_livox/build/livox_ros_driver2': CMAKE_PREFIX_PATH=/opt/ros/humble /usr/bin/cmake /workspaces/isaac_ros-dev/src/ws_livox/src/livox_ros_driver2 -DROS_EDITION=ROS2 -DHUMBLE_ROS=humble -DCMAKE_INSTALL_PREFIX=/workspaces/isaac_ros-dev/src/ws_livox/install/livox_ros_driver2
[0.164s] -- The C compiler identification is GNU 11.4.0
[0.286s] -- The CXX compiler identification is GNU 11.4.0
[0.307s] -- Detecting C compiler ABI info
[0.452s] -- Detecting C compiler ABI info - done
[0.477s] -- Check for working C compiler: /usr/bin/cc - skipped
[0.487s] -- Detecting C compile features
[0.488s] -- Detecting C compile features - done
[0.501s] -- Detecting CXX compiler ABI info
[0.672s] -- Detecting CXX compiler ABI info - done
[0.698s] -- Check for working CXX compiler: /usr/bin/c++ - skipped
[0.699s] -- Detecting CXX compile features
[0.701s] -- Detecting CXX compile features - done
[0.705s] -- livox_ros_driver2 version: 1.2.4
[0.723s] -- Found ament_cmake_auto: 1.3.11 (/opt/ros/humble/share/ament_cmake_auto/cmake)
[2.001s] -- Found Python3: /usr/bin/python3 (found version "3.10.12") found components: Interpreter 
[2.386s] -- Using all available rosidl_typesupport_c: rosidl_typesupport_fastrtps_c;rosidl_typesupport_introspection_c
[2.406s] -- Found rosidl_adapter: 3.1.6 (/opt/ros/humble/share/rosidl_adapter/cmake)
[2.501s] -- Using all available rosidl_typesupport_cpp: rosidl_typesupport_fastrtps_cpp;rosidl_typesupport_introspection_cpp
[2.683s] -- Found rmw_implementation_cmake: 6.1.2 (/opt/ros/humble/share/rmw_implementation_cmake/cmake)
[2.689s] -- Found rmw_fastrtps_cpp: 6.2.7 (/opt/ros/humble/share/rmw_fastrtps_cpp/cmake)
[2.893s] -- Found OpenSSL: /usr/lib/aarch64-linux-gnu/libcrypto.so (found version "3.0.2")  
[2.961s] -- Found FastRTPS: /opt/ros/humble/include  
[3.051s] -- Using RMW implementation 'rmw_fastrtps_cpp' as default
[3.073s] -- Looking for pthread.h
[3.217s] -- Looking for pthread.h - found
[3.217s] -- Performing Test CMAKE_HAVE_LIBC_PTHREAD
[3.368s] -- Performing Test CMAKE_HAVE_LIBC_PTHREAD - Success
[3.373s] -- Found Threads: TRUE  
[3.735s] -- Checking for module 'eigen3'
[3.765s] --   Found eigen3, version 3.4.0
[3.838s] -- Found Eigen: /usr/include/eigen3 (Required is at least version "3.1") 
[3.839s] -- Eigen found (include: /usr/include/eigen3, version: 3.4.0)
[3.884s] -- Found Boost: /usr/lib/aarch64-linux-gnu/cmake/Boost-1.74.0/BoostConfig.cmake (found suitable version "1.74.0", minimum required is "1.65.0") found components: system filesystem date_time iostreams serialization 
[3.921s] -- Checking for module 'flann'
[3.946s] --   Found flann, version 1.9.1
[4.039s] -- Found FLANN: /usr/lib/aarch64-linux-gnu/libflann_cpp.so  
[4.039s] -- FLANN found (include: /usr/include, lib: /usr/lib/aarch64-linux-gnu/libflann_cpp.so)
[4.113s] -- Found GLEW: /usr/lib/aarch64-linux-gnu/libGLEW.so  
[4.124s] -- Found OpenGL: /usr/lib/aarch64-linux-gnu/libOpenGL.so  found components: OpenGL GLX 
[4.414s] -- Found MPI_C: /usr/lib/aarch64-linux-gnu/libmpi.so (found version "3.1") 
[4.415s] -- Found MPI: TRUE (found version "3.1") found components: C 
[4.423s] -- Found JsonCpp: /usr/lib/aarch64-linux-gnu/libjsoncpp.so (found suitable version "1.9.5", minimum required is "0.7.0") 
[4.449s] -- Found ZLIB: /usr/lib/aarch64-linux-gnu/libz.so (found version "1.2.11") 
[4.479s] -- Found PNG: /usr/lib/aarch64-linux-gnu/libpng.so (found version "1.6.37") 
[4.510s] -- Found Eigen3: /usr/include/eigen3 (found version "3.4.0") 
[4.692s] -- Found X11: /usr/include   
[4.701s] -- Looking for XOpenDisplay in /usr/lib/aarch64-linux-gnu/libX11.so;/usr/lib/aarch64-linux-gnu/libXext.so
[4.848s] -- Looking for XOpenDisplay in /usr/lib/aarch64-linux-gnu/libX11.so;/usr/lib/aarch64-linux-gnu/libXext.so - found
[4.848s] -- Looking for gethostbyname
[4.991s] -- Looking for gethostbyname - found
[4.992s] -- Looking for connect
[5.136s] -- Looking for connect - found
[5.137s] -- Looking for remove
[5.287s] -- Looking for remove - found
[5.287s] -- Looking for shmat
[5.440s] -- Looking for shmat - found
[5.440s] -- Looking for IceConnectionNumber in ICE
[5.591s] -- Looking for IceConnectionNumber in ICE - found
[5.820s] -- Found EXPAT: /usr/lib/aarch64-linux-gnu/libexpat.so (found version "2.4.7") 
[5.826s] -- Found double-conversion: /usr/lib/aarch64-linux-gnu/libdouble-conversion.so  
[5.834s] -- Found LZ4: /usr/lib/aarch64-linux-gnu/liblz4.so (found version "1.9.3") 
[5.840s] -- Found LZMA: /usr/lib/aarch64-linux-gnu/liblzma.so (found version "5.2.5") 
[5.878s] -- Found JPEG: /usr/lib/aarch64-linux-gnu/libjpeg.so (found version "80") 
[5.889s] -- Found TIFF: /usr/lib/aarch64-linux-gnu/libtiff.so (found version "4.3.0")  
[5.898s] -- Found Freetype: /usr/lib/aarch64-linux-gnu/libfreetype.so (found version "2.11.1") 
[5.912s] -- Found utf8cpp: /usr/include/utf8cpp  
[6.117s] -- Checking for module 'libusb-1.0'
[6.153s] --   Found libusb-1.0, version 1.0.25
[6.254s] -- Found libusb: /usr/lib/aarch64-linux-gnu/libusb-1.0.so  
[6.266s] -- Found OpenNI: /usr/lib/libOpenNI.so;libusb::libusb (found version "1.5.4.0") 
[6.267s] -- OpenNI found (version: 1.5.4.0, include: /usr/include/ni, lib: /usr/lib/libOpenNI.so;libusb::libusb)
[6.428s] -- Found OpenNI2: /usr/lib/aarch64-linux-gnu/libOpenNI2.so;libusb::libusb (found version "2.2.0.33") 
[6.428s] -- OpenNI2 found (version: 2.2.0.33, include: /usr/include/openni2, lib: /usr/lib/aarch64-linux-gnu/libOpenNI2.so;libusb::libusb)
[6.429s] [0m** WARNING ** io features related to pcap will be disabled[0m
[6.689s] -- Eigen found (include: /usr/include/eigen3, version: 3.4.0)
[6.702s] -- OpenNI found (version: 1.5.4.0, include: /usr/include/ni, lib: /usr/lib/libOpenNI.so;libusb::libusb)
[6.714s] -- OpenNI2 found (version: 2.2.0.33, include: /usr/include/openni2, lib: /usr/lib/aarch64-linux-gnu/libOpenNI2.so;libusb::libusb)
[6.932s] -- Found Qhull version 8.0.2
[7.156s] -- OpenNI found (version: 1.5.4.0, include: /usr/include/ni, lib: /usr/lib/libOpenNI.so;libusb::libusb)
[7.371s] -- looking for PCL_COMMON
[7.373s] -- Found PCL_COMMON: /usr/lib/aarch64-linux-gnu/libpcl_common.so  
[7.373s] -- looking for PCL_KDTREE
[7.374s] -- Found PCL_KDTREE: /usr/lib/aarch64-linux-gnu/libpcl_kdtree.so  
[7.374s] -- looking for PCL_OCTREE
[7.375s] -- Found PCL_OCTREE: /usr/lib/aarch64-linux-gnu/libpcl_octree.so  
[7.375s] -- looking for PCL_SEARCH
[7.376s] -- Found PCL_SEARCH: /usr/lib/aarch64-linux-gnu/libpcl_search.so  
[7.376s] -- looking for PCL_SAMPLE_CONSENSUS
[7.377s] -- Found PCL_SAMPLE_CONSENSUS: /usr/lib/aarch64-linux-gnu/libpcl_sample_consensus.so  
[7.377s] -- looking for PCL_FILTERS
[7.378s] -- Found PCL_FILTERS: /usr/lib/aarch64-linux-gnu/libpcl_filters.so  
[7.378s] -- looking for PCL_2D
[7.378s] -- Found PCL_2D: /usr/include/pcl-1.12  
[7.379s] -- looking for PCL_GEOMETRY
[7.379s] -- Found PCL_GEOMETRY: /usr/include/pcl-1.12  
[7.379s] -- looking for PCL_IO
[7.380s] -- Found PCL_IO: /usr/lib/aarch64-linux-gnu/libpcl_io.so  
[7.380s] -- looking for PCL_FEATURES
[7.381s] -- Found PCL_FEATURES: /usr/lib/aarch64-linux-gnu/libpcl_features.so  
[7.381s] -- looking for PCL_ML
[7.382s] -- Found PCL_ML: /usr/lib/aarch64-linux-gnu/libpcl_ml.so  
[7.383s] -- looking for PCL_SEGMENTATION
[7.383s] -- Found PCL_SEGMENTATION: /usr/lib/aarch64-linux-gnu/libpcl_segmentation.so  
[7.384s] -- looking for PCL_VISUALIZATION
[7.385s] -- Found PCL_VISUALIZATION: /usr/lib/aarch64-linux-gnu/libpcl_visualization.so  
[7.385s] -- looking for PCL_SURFACE
[7.386s] -- Found PCL_SURFACE: /usr/lib/aarch64-linux-gnu/libpcl_surface.so  
[7.386s] -- looking for PCL_REGISTRATION
[7.387s] -- Found PCL_REGISTRATION: /usr/lib/aarch64-linux-gnu/libpcl_registration.so  
[7.387s] -- looking for PCL_KEYPOINTS
[7.388s] -- Found PCL_KEYPOINTS: /usr/lib/aarch64-linux-gnu/libpcl_keypoints.so  
[7.388s] -- looking for PCL_TRACKING
[7.389s] -- Found PCL_TRACKING: /usr/lib/aarch64-linux-gnu/libpcl_tracking.so  
[7.389s] -- looking for PCL_RECOGNITION
[7.390s] -- Found PCL_RECOGNITION: /usr/lib/aarch64-linux-gnu/libpcl_recognition.so  
[7.391s] -- looking for PCL_STEREO
[7.392s] -- Found PCL_STEREO: /usr/lib/aarch64-linux-gnu/libpcl_stereo.so  
[7.392s] -- looking for PCL_APPS
[7.393s] -- Found PCL_APPS: /usr/lib/aarch64-linux-gnu/libpcl_apps.so  
[7.394s] -- looking for PCL_IN_HAND_SCANNER
[7.394s] -- Found PCL_IN_HAND_SCANNER: /usr/include/pcl-1.12  
[7.394s] -- looking for PCL_MODELER
[7.395s] -- Found PCL_MODELER: /usr/include/pcl-1.12  
[7.395s] -- looking for PCL_POINT_CLOUD_EDITOR
[7.396s] -- Found PCL_POINT_CLOUD_EDITOR: /usr/include/pcl-1.12  
[7.396s] -- looking for PCL_OUTOFCORE
[7.397s] -- Found PCL_OUTOFCORE: /usr/lib/aarch64-linux-gnu/libpcl_outofcore.so  
[7.397s] -- looking for PCL_PEOPLE
[7.398s] -- Found PCL_PEOPLE: /usr/lib/aarch64-linux-gnu/libpcl_people.so  
[7.399s] -- Found PCL: pcl_common;pcl_kdtree;pcl_octree;pcl_search;pcl_sample_consensus;pcl_filters;pcl_io;pcl_features;pcl_ml;pcl_segmentation;pcl_visualization;pcl_surface;pcl_registration;pcl_keypoints;pcl_tracking;pcl_recognition;pcl_stereo;pcl_apps;pcl_outofcore;pcl_people;Boost::system;Boost::filesystem;Boost::date_time;Boost::iostreams;Boost::serialization;/usr/lib/libOpenNI.so;libusb::libusb;/usr/lib/aarch64-linux-gnu/libOpenNI2.so;libusb::libusb;VTK::ChartsCore;VTK::CommonColor;VTK::CommonComputationalGeometry;VTK::CommonCore;VTK::CommonDataModel;VTK::CommonExecutionModel;VTK::CommonMath;VTK::CommonMisc;VTK::CommonTransforms;VTK::FiltersCore;VTK::FiltersExtraction;VTK::FiltersGeneral;VTK::FiltersGeometry;VTK::FiltersModeling;VTK::FiltersSources;VTK::ImagingCore;VTK::ImagingSources;VTK::InteractionImage;VTK::InteractionStyle;VTK::InteractionWidgets;VTK::IOCore;VTK::IOGeometry;VTK::IOImage;VTK::IOLegacy;VTK::IOPLY;VTK::RenderingAnnotation;VTK::RenderingCore;VTK::RenderingContext2D;VTK::RenderingLOD;VTK::RenderingFreeType;VTK::ViewsCore;VTK::ViewsContext2D;VTK::RenderingOpenGL2;VTK::GUISupportQt;FLANN::FLANN;QHULL::QHULL  
[7.412s] -- Found PkgConfig: /usr/bin/pkg-config (found version "0.29.2") 
[7.413s] -- Checking for module 'apr-1'
[7.420s] --   No package 'apr-1' found
[7.875s] -- Found ament_cmake_ros: 0.10.0 (/opt/ros/humble/share/ament_cmake_ros/cmake)
[8.394s] -- Using all available rosidl_typesupport_c: rosidl_typesupport_fastrtps_c;rosidl_typesupport_introspection_c
[9.116s] -- Using all available rosidl_typesupport_cpp: rosidl_typesupport_fastrtps_cpp;rosidl_typesupport_introspection_cpp
[9.186s] -- Found PythonInterp: /usr/bin/python3 (found suitable version "3.10.12", minimum required is "3.6") 
[9.196s] -- Found python_cmake_module: 0.10.0 (/opt/ros/humble/share/python_cmake_module/cmake)
[9.262s] -- Found PythonLibs: /usr/lib/aarch64-linux-gnu/libpython3.10.so (found suitable version "3.10.12", minimum required is "3.5") 
[9.262s] -- Using PYTHON_EXECUTABLE: /usr/bin/python3
[9.263s] -- Using PYTHON_INCLUDE_DIRS: /usr/include/python3.10
[9.263s] -- Using PYTHON_LIBRARIES: /usr/lib/aarch64-linux-gnu/libpython3.10.so
[9.311s] -- Found PythonExtra: .so  
[9.431s] [31mCMake Error at CMakeLists.txt:249 (find_library):
[9.432s]   Could not find LIVOX_LIDAR_SDK_LIBRARY using the following names:
[9.432s]   liblivox_lidar_sdk_shared.so, /usr/local/lib
[9.432s] 
[9.432s] [0m
[9.432s] -- Configuring incomplete, errors occurred!
[9.432s] See also "/workspaces/isaac_ros-dev/src/ws_livox/build/livox_ros_driver2/CMakeFiles/CMakeOutput.log".
[9.483s] Invoked command in '/workspaces/isaac_ros-dev/src/ws_livox/build/livox_ros_driver2' returned '1': CMAKE_PREFIX_PATH=/opt/ros/humble /usr/bin/cmake /workspaces/isaac_ros-dev/src/ws_livox/src/livox_ros_driver2 -DROS_EDITION=ROS2 -DHUMBLE_ROS=humble -DCMAKE_INSTALL_PREFIX=/workspaces/isaac_ros-dev/src/ws_livox/install/livox_ros_driver2
