[0m** WARNING ** io features related to pcap will be disabled[0m
In file included from [01m[K/workspaces/isaac_ros-dev/src/ws_livox/src/livox_ros_driver2/src/include/ros_headers.h:31[m[K,
                 from [01m[K/workspaces/isaac_ros-dev/src/ws_livox/src/livox_ros_driver2/src/livox_ros_driver2.cpp:32[m[K:
[01m[K/workspaces/isaac_ros-dev/src/ws_livox/src/livox_ros_driver2/src/include/ros2_headers.h:34:10:[m[K [01;31m[Kfatal error: [m[Kpcl_conversions/pcl_conversions.h: No such file or directory
   34 | #include [01;31m[K<pcl_conversions/pcl_conversions.h>[m[K
      |          [01;31m[K^~~~~~~~~~~~~~~~~~~~~~~~~~~~~~~~~~~[m[K
In file included from [01m[K/workspaces/isaac_ros-dev/src/ws_livox/src/livox_ros_driver2/src/include/ros_headers.h:31[m[K,
                 from [01m[K/workspaces/isaac_ros-dev/src/ws_livox/src/livox_ros_driver2/src/driver_node.h:28[m[K,
                 from [01m[K/workspaces/isaac_ros-dev/src/ws_livox/src/livox_ros_driver2/src/lddc.h:30[m[K,
                 from [01m[K/workspaces/isaac_ros-dev/src/ws_livox/src/livox_ros_driver2/src/lddc.cpp:25[m[K:
[01m[K/workspaces/isaac_ros-dev/src/ws_livox/src/livox_ros_driver2/src/include/ros2_headers.h:34:10:[m[K [01;31m[Kfatal error: [m[Kpcl_conversions/pcl_conversions.h: No such file or directory
   34 | #include [01;31m[K<pcl_conversions/pcl_conversions.h>[m[K
      |          [01;31m[K^~~~~~~~~~~~~~~~~~~~~~~~~~~~~~~~~~~[m[K
compilation terminated.
compilation terminated.
gmake[2]: *** [CMakeFiles/livox_ros_driver2.dir/build.make:90: CMakeFiles/livox_ros_driver2.dir/src/lddc.cpp.o] Error 1
gmake[2]: *** Waiting for unfinished jobs....
gmake[2]: *** [CMakeFiles/livox_ros_driver2.dir/build.make:76: CMakeFiles/livox_ros_driver2.dir/src/livox_ros_driver2.cpp.o] Error 1
In file included from [01m[K/workspaces/isaac_ros-dev/src/ws_livox/src/livox_ros_driver2/src/include/ros_headers.h:31[m[K,
                 from [01m[K/workspaces/isaac_ros-dev/src/ws_livox/src/livox_ros_driver2/src/driver_node.h:28[m[K,
                 from [01m[K/workspaces/isaac_ros-dev/src/ws_livox/src/livox_ros_driver2/src/driver_node.cpp:25[m[K:
[01m[K/workspaces/isaac_ros-dev/src/ws_livox/src/livox_ros_driver2/src/include/ros2_headers.h:34:10:[m[K [01;31m[Kfatal error: [m[Kpcl_conversions/pcl_conversions.h: No such file or directory
   34 | #include [01;31m[K<pcl_conversions/pcl_conversions.h>[m[K
      |          [01;31m[K^~~~~~~~~~~~~~~~~~~~~~~~~~~~~~~~~~~[m[K
compilation terminated.
gmake[2]: *** [CMakeFiles/livox_ros_driver2.dir/build.make:104: CMakeFiles/livox_ros_driver2.dir/src/driver_node.cpp.o] Error 1
gmake[1]: *** [CMakeFiles/Makefile2:595: CMakeFiles/livox_ros_driver2.dir/all] Error 2
gmake[1]: *** Waiting for unfinished jobs....
gmake: *** [Makefile:146: all] Error 2
