[0.018s] Invoking command in '/workspaces/isaac_ros-dev/src/ws_livox/build/livox_ros_driver2': CMAKE_PREFIX_PATH=/opt/ros/humble /usr/bin/cmake /workspaces/isaac_ros-dev/src/ws_livox/src/livox_ros_driver2 -DROS_EDITION=ROS2 -DHUMBLE_ROS=humble -DCMAKE_INSTALL_PREFIX=/workspaces/isaac_ros-dev/src/ws_livox/install/livox_ros_driver2
[0.126s] -- The C compiler identification is GNU 11.4.0
[0.233s] -- The CXX compiler identification is GNU 11.4.0
[0.252s] -- Detecting C compiler ABI info
[0.404s] -- Detecting C compiler ABI info - done
[0.430s] -- Check for working C compiler: /usr/bin/cc - skipped
[0.431s] -- Detecting C compile features
[0.432s] -- Detecting C compile features - done
[0.438s] -- Detecting CXX compiler ABI info
[0.602s] -- Detecting CXX compiler ABI info - done
[0.629s] -- Check for working CXX compiler: /usr/bin/c++ - skipped
[0.630s] -- Detecting CXX compile features
[0.632s] -- Detecting CXX compile features - done
[0.636s] -- livox_ros_driver2 version: 1.2.4
[0.644s] -- Found ament_cmake_auto: 1.3.11 (/opt/ros/humble/share/ament_cmake_auto/cmake)
[1.922s] -- Found Python3: /usr/bin/python3 (found version "3.10.12") found components: Interpreter 
[2.264s] -- Using all available rosidl_typesupport_c: rosidl_typesupport_fastrtps_c;rosidl_typesupport_introspection_c
[2.282s] -- Found rosidl_adapter: 3.1.6 (/opt/ros/humble/share/rosidl_adapter/cmake)
[2.365s] -- Using all available rosidl_typesupport_cpp: rosidl_typesupport_fastrtps_cpp;rosidl_typesupport_introspection_cpp
[2.504s] -- Found rmw_implementation_cmake: 6.1.2 (/opt/ros/humble/share/rmw_implementation_cmake/cmake)
[2.508s] -- Found rmw_fastrtps_cpp: 6.2.7 (/opt/ros/humble/share/rmw_fastrtps_cpp/cmake)
[2.694s] -- Found OpenSSL: /usr/lib/aarch64-linux-gnu/libcrypto.so (found version "3.0.2")  
[2.758s] -- Found FastRTPS: /opt/ros/humble/include  
[2.843s] -- Using RMW implementation 'rmw_fastrtps_cpp' as default
[2.860s] -- Looking for pthread.h
[3.008s] -- Looking for pthread.h - found
[3.008s] -- Performing Test CMAKE_HAVE_LIBC_PTHREAD
[3.165s] -- Performing Test CMAKE_HAVE_LIBC_PTHREAD - Success
[3.168s] -- Found Threads: TRUE  
[3.492s] -- Checking for module 'eigen3'
[3.520s] --   Found eigen3, version 3.4.0
[3.598s] -- Found Eigen: /usr/include/eigen3 (Required is at least version "3.1") 
[3.599s] -- Eigen found (include: /usr/include/eigen3, version: 3.4.0)
[3.651s] -- Found Boost: /usr/lib/aarch64-linux-gnu/cmake/Boost-1.74.0/BoostConfig.cmake (found suitable version "1.74.0", minimum required is "1.65.0") found components: system filesystem date_time iostreams serialization 
[3.695s] -- Checking for module 'flann'
[3.718s] --   Found flann, version 1.9.1
[3.813s] -- Found FLANN: /usr/lib/aarch64-linux-gnu/libflann_cpp.so  
[3.813s] -- FLANN found (include: /usr/include, lib: /usr/lib/aarch64-linux-gnu/libflann_cpp.so)
[3.876s] -- Found GLEW: /usr/lib/aarch64-linux-gnu/libGLEW.so  
[3.883s] -- Found OpenGL: /usr/lib/aarch64-linux-gnu/libOpenGL.so  found components: OpenGL GLX 
[4.177s] -- Found MPI_C: /usr/lib/aarch64-linux-gnu/libmpi.so (found version "3.1") 
[4.177s] -- Found MPI: TRUE (found version "3.1") found components: C 
[4.182s] -- Found JsonCpp: /usr/lib/aarch64-linux-gnu/libjsoncpp.so (found suitable version "1.9.5", minimum required is "0.7.0") 
[4.199s] -- Found ZLIB: /usr/lib/aarch64-linux-gnu/libz.so (found version "1.2.11") 
[4.229s] -- Found PNG: /usr/lib/aarch64-linux-gnu/libpng.so (found version "1.6.37") 
[4.251s] -- Found Eigen3: /usr/include/eigen3 (found version "3.4.0") 
[4.419s] -- Found X11: /usr/include   
[4.420s] -- Looking for XOpenDisplay in /usr/lib/aarch64-linux-gnu/libX11.so;/usr/lib/aarch64-linux-gnu/libXext.so
[4.585s] -- Looking for XOpenDisplay in /usr/lib/aarch64-linux-gnu/libX11.so;/usr/lib/aarch64-linux-gnu/libXext.so - found
[4.585s] -- Looking for gethostbyname
[4.738s] -- Looking for gethostbyname - found
[4.738s] -- Looking for connect
[4.894s] -- Looking for connect - found
[4.895s] -- Looking for remove
[5.056s] -- Looking for remove - found
[5.056s] -- Looking for shmat
[5.211s] -- Looking for shmat - found
[5.211s] -- Looking for IceConnectionNumber in ICE
[5.373s] -- Looking for IceConnectionNumber in ICE - found
[5.595s] -- Found EXPAT: /usr/lib/aarch64-linux-gnu/libexpat.so (found version "2.4.7") 
[5.599s] -- Found double-conversion: /usr/lib/aarch64-linux-gnu/libdouble-conversion.so  
[5.605s] -- Found LZ4: /usr/lib/aarch64-linux-gnu/liblz4.so (found version "1.9.3") 
[5.609s] -- Found LZMA: /usr/lib/aarch64-linux-gnu/liblzma.so (found version "5.2.5") 
[5.640s] -- Found JPEG: /usr/lib/aarch64-linux-gnu/libjpeg.so (found version "80") 
[5.649s] -- Found TIFF: /usr/lib/aarch64-linux-gnu/libtiff.so (found version "4.3.0")  
[5.656s] -- Found Freetype: /usr/lib/aarch64-linux-gnu/libfreetype.so (found version "2.11.1") 
[5.666s] -- Found utf8cpp: /usr/include/utf8cpp  
[5.821s] -- Checking for module 'libusb-1.0'
[5.857s] --   Found libusb-1.0, version 1.0.25
[5.950s] -- Found libusb: /usr/lib/aarch64-linux-gnu/libusb-1.0.so  
[5.954s] -- Found OpenNI: /usr/lib/libOpenNI.so;libusb::libusb (found version "1.5.4.0") 
[5.954s] -- OpenNI found (version: 1.5.4.0, include: /usr/include/ni, lib: /usr/lib/libOpenNI.so;libusb::libusb)
[6.103s] -- Found OpenNI2: /usr/lib/aarch64-linux-gnu/libOpenNI2.so;libusb::libusb (found version "2.2.0.33") 
[6.103s] -- OpenNI2 found (version: 2.2.0.33, include: /usr/include/openni2, lib: /usr/lib/aarch64-linux-gnu/libOpenNI2.so;libusb::libusb)
[6.104s] [0m** WARNING ** io features related to pcap will be disabled[0m
[6.362s] -- Eigen found (include: /usr/include/eigen3, version: 3.4.0)
[6.374s] -- OpenNI found (version: 1.5.4.0, include: /usr/include/ni, lib: /usr/lib/libOpenNI.so;libusb::libusb)
[6.386s] -- OpenNI2 found (version: 2.2.0.33, include: /usr/include/openni2, lib: /usr/lib/aarch64-linux-gnu/libOpenNI2.so;libusb::libusb)
[6.596s] -- Found Qhull version 8.0.2
[6.818s] -- OpenNI found (version: 1.5.4.0, include: /usr/include/ni, lib: /usr/lib/libOpenNI.so;libusb::libusb)
[7.029s] -- looking for PCL_COMMON
[7.030s] -- Found PCL_COMMON: /usr/lib/aarch64-linux-gnu/libpcl_common.so  
[7.031s] -- looking for PCL_KDTREE
[7.031s] -- Found PCL_KDTREE: /usr/lib/aarch64-linux-gnu/libpcl_kdtree.so  
[7.032s] -- looking for PCL_OCTREE
[7.032s] -- Found PCL_OCTREE: /usr/lib/aarch64-linux-gnu/libpcl_octree.so  
[7.033s] -- looking for PCL_SEARCH
[7.033s] -- Found PCL_SEARCH: /usr/lib/aarch64-linux-gnu/libpcl_search.so  
[7.034s] -- looking for PCL_SAMPLE_CONSENSUS
[7.034s] -- Found PCL_SAMPLE_CONSENSUS: /usr/lib/aarch64-linux-gnu/libpcl_sample_consensus.so  
[7.035s] -- looking for PCL_FILTERS
[7.036s] -- Found PCL_FILTERS: /usr/lib/aarch64-linux-gnu/libpcl_filters.so  
[7.037s] -- looking for PCL_2D
[7.037s] -- Found PCL_2D: /usr/include/pcl-1.12  
[7.037s] -- looking for PCL_GEOMETRY
[7.038s] -- Found PCL_GEOMETRY: /usr/include/pcl-1.12  
[7.038s] -- looking for PCL_IO
[7.038s] -- Found PCL_IO: /usr/lib/aarch64-linux-gnu/libpcl_io.so  
[7.039s] -- looking for PCL_FEATURES
[7.039s] -- Found PCL_FEATURES: /usr/lib/aarch64-linux-gnu/libpcl_features.so  
[7.040s] -- looking for PCL_ML
[7.040s] -- Found PCL_ML: /usr/lib/aarch64-linux-gnu/libpcl_ml.so  
[7.041s] -- looking for PCL_SEGMENTATION
[7.041s] -- Found PCL_SEGMENTATION: /usr/lib/aarch64-linux-gnu/libpcl_segmentation.so  
[7.042s] -- looking for PCL_VISUALIZATION
[7.043s] -- Found PCL_VISUALIZATION: /usr/lib/aarch64-linux-gnu/libpcl_visualization.so  
[7.043s] -- looking for PCL_SURFACE
[7.044s] -- Found PCL_SURFACE: /usr/lib/aarch64-linux-gnu/libpcl_surface.so  
[7.044s] -- looking for PCL_REGISTRATION
[7.045s] -- Found PCL_REGISTRATION: /usr/lib/aarch64-linux-gnu/libpcl_registration.so  
[7.046s] -- looking for PCL_KEYPOINTS
[7.046s] -- Found PCL_KEYPOINTS: /usr/lib/aarch64-linux-gnu/libpcl_keypoints.so  
[7.047s] -- looking for PCL_TRACKING
[7.047s] -- Found PCL_TRACKING: /usr/lib/aarch64-linux-gnu/libpcl_tracking.so  
[7.048s] -- looking for PCL_RECOGNITION
[7.048s] -- Found PCL_RECOGNITION: /usr/lib/aarch64-linux-gnu/libpcl_recognition.so  
[7.049s] -- looking for PCL_STEREO
[7.050s] -- Found PCL_STEREO: /usr/lib/aarch64-linux-gnu/libpcl_stereo.so  
[7.050s] -- looking for PCL_APPS
[7.051s] -- Found PCL_APPS: /usr/lib/aarch64-linux-gnu/libpcl_apps.so  
[7.052s] -- looking for PCL_IN_HAND_SCANNER
[7.052s] -- Found PCL_IN_HAND_SCANNER: /usr/include/pcl-1.12  
[7.053s] -- looking for PCL_MODELER
[7.053s] -- Found PCL_MODELER: /usr/include/pcl-1.12  
[7.053s] -- looking for PCL_POINT_CLOUD_EDITOR
[7.054s] -- Found PCL_POINT_CLOUD_EDITOR: /usr/include/pcl-1.12  
[7.054s] -- looking for PCL_OUTOFCORE
[7.055s] -- Found PCL_OUTOFCORE: /usr/lib/aarch64-linux-gnu/libpcl_outofcore.so  
[7.055s] -- looking for PCL_PEOPLE
[7.056s] -- Found PCL_PEOPLE: /usr/lib/aarch64-linux-gnu/libpcl_people.so  
[7.057s] -- Found PCL: pcl_common;pcl_kdtree;pcl_octree;pcl_search;pcl_sample_consensus;pcl_filters;pcl_io;pcl_features;pcl_ml;pcl_segmentation;pcl_visualization;pcl_surface;pcl_registration;pcl_keypoints;pcl_tracking;pcl_recognition;pcl_stereo;pcl_apps;pcl_outofcore;pcl_people;Boost::system;Boost::filesystem;Boost::date_time;Boost::iostreams;Boost::serialization;/usr/lib/libOpenNI.so;libusb::libusb;/usr/lib/aarch64-linux-gnu/libOpenNI2.so;libusb::libusb;VTK::ChartsCore;VTK::CommonColor;VTK::CommonComputationalGeometry;VTK::CommonCore;VTK::CommonDataModel;VTK::CommonExecutionModel;VTK::CommonMath;VTK::CommonMisc;VTK::CommonTransforms;VTK::FiltersCore;VTK::FiltersExtraction;VTK::FiltersGeneral;VTK::FiltersGeometry;VTK::FiltersModeling;VTK::FiltersSources;VTK::ImagingCore;VTK::ImagingSources;VTK::InteractionImage;VTK::InteractionStyle;VTK::InteractionWidgets;VTK::IOCore;VTK::IOGeometry;VTK::IOImage;VTK::IOLegacy;VTK::IOPLY;VTK::RenderingAnnotation;VTK::RenderingCore;VTK::RenderingContext2D;VTK::RenderingLOD;VTK::RenderingFreeType;VTK::ViewsCore;VTK::ViewsContext2D;VTK::RenderingOpenGL2;VTK::GUISupportQt;FLANN::FLANN;QHULL::QHULL  
[7.069s] -- Found PkgConfig: /usr/bin/pkg-config (found version "0.29.2") 
[7.070s] -- Checking for module 'apr-1'
[7.077s] --   No package 'apr-1' found
[7.518s] -- Found ament_cmake_ros: 0.10.0 (/opt/ros/humble/share/ament_cmake_ros/cmake)
[8.024s] -- Using all available rosidl_typesupport_c: rosidl_typesupport_fastrtps_c;rosidl_typesupport_introspection_c
[8.708s] -- Using all available rosidl_typesupport_cpp: rosidl_typesupport_fastrtps_cpp;rosidl_typesupport_introspection_cpp
[8.767s] -- Found PythonInterp: /usr/bin/python3 (found suitable version "3.10.12", minimum required is "3.6") 
[8.776s] -- Found python_cmake_module: 0.10.0 (/opt/ros/humble/share/python_cmake_module/cmake)
[8.843s] -- Found PythonLibs: /usr/lib/aarch64-linux-gnu/libpython3.10.so (found suitable version "3.10.12", minimum required is "3.5") 
[8.843s] -- Using PYTHON_EXECUTABLE: /usr/bin/python3
[8.844s] -- Using PYTHON_INCLUDE_DIRS: /usr/include/python3.10
[8.844s] -- Using PYTHON_LIBRARIES: /usr/lib/aarch64-linux-gnu/libpython3.10.so
[8.893s] -- Found PythonExtra: .so  
[9.047s] -- Found ament_lint_auto: 0.12.11 (/opt/ros/humble/share/ament_lint_auto/cmake)
[9.140s] -- Added test 'copyright' to check source files copyright and LICENSE
[9.153s] -- Added test 'cppcheck' to perform static code analysis on C / C++ code
[9.154s] -- Configured cppcheck include dirs: /workspaces/isaac_ros-dev/src/ws_livox/src/livox_ros_driver2/3rdparty;/workspaces/isaac_ros-dev/src/ws_livox/src/livox_ros_driver2/src
[9.154s] -- Configured cppcheck exclude dirs and/or files: 
[9.166s] -- Added test 'cpplint' to check C / C++ code against the Google style
[9.167s] -- Configured cpplint exclude dirs and/or files: 
[9.168s] -- Added test 'flake8' to check Python code syntax and style conventions
[9.172s] -- Added test 'lint_cmake' to check CMake code style
[9.174s] -- Added test 'pep257' to check Python code against some of the docstring style conventions in PEP 257
[9.186s] -- Added test 'uncrustify' to check C / C++ code style
[9.187s] -- Configured uncrustify additional arguments: 
[9.188s] -- Added test 'xmllint' to check XML markup files
[9.194s] -- Configuring done
[9.313s] -- Generating done
[9.347s] -- Build files have been written to: /workspaces/isaac_ros-dev/src/ws_livox/build/livox_ros_driver2
[9.396s] Invoked command in '/workspaces/isaac_ros-dev/src/ws_livox/build/livox_ros_driver2' returned '0': CMAKE_PREFIX_PATH=/opt/ros/humble /usr/bin/cmake /workspaces/isaac_ros-dev/src/ws_livox/src/livox_ros_driver2 -DROS_EDITION=ROS2 -DHUMBLE_ROS=humble -DCMAKE_INSTALL_PREFIX=/workspaces/isaac_ros-dev/src/ws_livox/install/livox_ros_driver2
[9.401s] Invoking command in '/workspaces/isaac_ros-dev/src/ws_livox/build/livox_ros_driver2': CMAKE_PREFIX_PATH=/opt/ros/humble /usr/bin/cmake --build /workspaces/isaac_ros-dev/src/ws_livox/build/livox_ros_driver2 -- -j12 -l12
[9.496s] [  1%] [34m[1mGenerating C code for ROS interfaces[0m
[9.516s] [  3%] [32mBuilding CXX object CMakeFiles/livox_ros_driver2_node.dir/rclcpp_components/node_main_livox_ros_driver2_node.cpp.o[0m
[9.518s] [  5%] [34m[1mGenerating C++ code for ROS interfaces[0m
[9.535s] [  5%] Built target ament_cmake_python_copy_livox_ros_driver2
[10.199s] [  7%] Built target livox_interfaces2__cpp
[10.199s] [  7%] [32mBuilding C object CMakeFiles/livox_interfaces2__rosidl_generator_c.dir/rosidl_generator_c/livox_ros_driver2/msg/detail/custom_point__functions.c.o[0m
[10.200s] [  8%] [32mBuilding C object CMakeFiles/livox_interfaces2__rosidl_generator_c.dir/rosidl_generator_c/livox_ros_driver2/msg/detail/custom_msg__functions.c.o[0m
[10.221s] [ 12%] [34m[1mGenerating C++ type support for eProsima Fast-RTPS[0m
[10.221s] [ 12%] [34m[1mGenerating C++ type support dispatch for ROS interfaces[0m
[10.222s] [ 14%] [34m[1mGenerating C++ introspection for ROS interfaces[0m
[10.252s] running egg_info
[10.254s] creating livox_ros_driver2.egg-info
[10.293s] writing livox_ros_driver2.egg-info/PKG-INFO
[10.293s] writing dependency_links to livox_ros_driver2.egg-info/dependency_links.txt
[10.294s] writing top-level names to livox_ros_driver2.egg-info/top_level.txt
[10.294s] writing manifest file 'livox_ros_driver2.egg-info/SOURCES.txt'
[10.302s] [ 15%] [32m[1mLinking C shared library liblivox_ros_driver2__rosidl_generator_c.so[0m
[10.371s] [ 15%] Built target livox_interfaces2__rosidl_generator_c
[10.394s] [ 21%] [34m[1mGenerating C type support dispatch for ROS interfaces[0m
[10.395s] [ 21%] [34m[1mGenerating C introspection for ROS interfaces[0m
[10.395s] [ 21%] [34m[1mGenerating C type support for eProsima Fast-RTPS[0m
[10.765s] reading manifest file 'livox_ros_driver2.egg-info/SOURCES.txt'
[10.768s] writing manifest file 'livox_ros_driver2.egg-info/SOURCES.txt'
[10.882s] [ 22%] [32mBuilding CXX object CMakeFiles/livox_interfaces2__rosidl_typesupport_cpp.dir/rosidl_typesupport_cpp/livox_ros_driver2/msg/custom_point__type_support.cpp.o[0m
[10.885s] [ 24%] [32mBuilding CXX object CMakeFiles/livox_interfaces2__rosidl_typesupport_cpp.dir/rosidl_typesupport_cpp/livox_ros_driver2/msg/custom_msg__type_support.cpp.o[0m
[10.889s] [ 28%] [32mBuilding CXX object CMakeFiles/livox_interfaces2__rosidl_typesupport_introspection_cpp.dir/rosidl_typesupport_introspection_cpp/livox_ros_driver2/msg/detail/custom_point__type_support.cpp.o[0m
[10.889s] [ 28%] [32mBuilding CXX object CMakeFiles/livox_interfaces2__rosidl_typesupport_introspection_cpp.dir/rosidl_typesupport_introspection_cpp/livox_ros_driver2/msg/detail/custom_msg__type_support.cpp.o[0m
[10.954s] [ 29%] [32mBuilding CXX object CMakeFiles/livox_interfaces2__rosidl_typesupport_fastrtps_cpp.dir/rosidl_typesupport_fastrtps_cpp/livox_ros_driver2/msg/detail/dds_fastrtps/custom_msg__type_support.cpp.o[0m
[10.956s] [ 31%] [32mBuilding CXX object CMakeFiles/livox_interfaces2__rosidl_typesupport_fastrtps_cpp.dir/rosidl_typesupport_fastrtps_cpp/livox_ros_driver2/msg/detail/dds_fastrtps/custom_point__type_support.cpp.o[0m
[11.006s] [ 31%] Built target ament_cmake_python_build_livox_ros_driver2_egg
[11.042s] [ 35%] [32mBuilding CXX object CMakeFiles/livox_interfaces2__rosidl_typesupport_c.dir/rosidl_typesupport_c/livox_ros_driver2/msg/custom_msg__type_support.cpp.o[0m
[11.043s] [ 35%] [32mBuilding CXX object CMakeFiles/livox_interfaces2__rosidl_typesupport_c.dir/rosidl_typesupport_c/livox_ros_driver2/msg/custom_point__type_support.cpp.o[0m
[11.126s] [ 36%] [32m[1mLinking CXX shared library liblivox_ros_driver2__rosidl_typesupport_c.so[0m
[11.144s] [ 38%] [32mBuilding CXX object CMakeFiles/livox_interfaces2__rosidl_typesupport_fastrtps_c.dir/rosidl_typesupport_fastrtps_c/livox_ros_driver2/msg/detail/custom_msg__type_support_c.cpp.o[0m
[11.161s] [ 40%] [32mBuilding CXX object CMakeFiles/livox_interfaces2__rosidl_typesupport_fastrtps_c.dir/rosidl_typesupport_fastrtps_c/livox_ros_driver2/msg/detail/custom_point__type_support_c.cpp.o[0m
[11.170s] [ 42%] [32mBuilding C object CMakeFiles/livox_interfaces2__rosidl_typesupport_introspection_c.dir/rosidl_typesupport_introspection_c/livox_ros_driver2/msg/detail/custom_msg__type_support.c.o[0m
[11.179s] [ 43%] [32mBuilding C object CMakeFiles/livox_interfaces2__rosidl_typesupport_introspection_c.dir/rosidl_typesupport_introspection_c/livox_ros_driver2/msg/detail/custom_point__type_support.c.o[0m
[11.268s] [ 45%] Built target livox_interfaces2__rosidl_typesupport_c
[11.268s] [ 45%] [32m[1mLinking C shared library liblivox_ros_driver2__rosidl_typesupport_introspection_c.so[0m
[11.340s] [ 45%] Built target livox_interfaces2__rosidl_typesupport_introspection_c
[11.451s] [ 47%] [32m[1mLinking CXX shared library liblivox_ros_driver2__rosidl_typesupport_cpp.so[0m
[11.531s] [ 47%] Built target livox_interfaces2__rosidl_typesupport_cpp
[11.580s] [ 49%] [32mBuilding CXX object CMakeFiles/livox_ros_driver2.dir/src/lddc.cpp.o[0m
[11.585s] [ 50%] [32mBuilding CXX object CMakeFiles/livox_ros_driver2.dir/src/lds_lidar.cpp.o[0m
[11.593s] [ 54%] [32mBuilding CXX object CMakeFiles/livox_ros_driver2.dir/src/livox_ros_driver2.cpp.o[0m
[11.593s] [ 54%] [32mBuilding CXX object CMakeFiles/livox_ros_driver2.dir/src/lds.cpp.o[0m
[11.602s] [ 56%] [32mBuilding CXX object CMakeFiles/livox_ros_driver2.dir/src/driver_node.cpp.o[0m
[11.668s] [ 57%] [32mBuilding CXX object CMakeFiles/livox_ros_driver2.dir/src/comm/comm.cpp.o[0m
[11.736s] [ 59%] [32m[1mLinking CXX shared library liblivox_ros_driver2__rosidl_typesupport_introspection_cpp.so[0m
[11.813s] [ 61%] [32mBuilding CXX object CMakeFiles/livox_ros_driver2.dir/src/comm/ldq.cpp.o[0m
[11.857s] [ 63%] [32mBuilding CXX object CMakeFiles/livox_ros_driver2.dir/src/comm/semaphore.cpp.o[0m
[11.891s] [ 64%] [32m[1mLinking CXX shared library liblivox_ros_driver2__rosidl_typesupport_fastrtps_c.so[0m
[11.930s] [ 66%] [32m[1mLinking CXX shared library liblivox_ros_driver2__rosidl_typesupport_fastrtps_cpp.so[0m
[12.004s] [ 66%] Built target livox_interfaces2__rosidl_typesupport_introspection_cpp
[12.060s] [ 68%] [32mBuilding CXX object CMakeFiles/livox_ros_driver2.dir/src/comm/lidar_imu_data_queue.cpp.o[0m
[12.179s] [ 68%] Built target livox_interfaces2__rosidl_typesupport_fastrtps_c
[12.179s] [ 68%] Built target livox_interfaces2__rosidl_typesupport_fastrtps_cpp
[12.217s] [ 70%] [32mBuilding CXX object CMakeFiles/livox_ros_driver2.dir/src/comm/cache_index.cpp.o[0m
[12.270s] [ 70%] Built target livox_interfaces2
[12.304s] [ 71%] [32mBuilding CXX object CMakeFiles/livox_ros_driver2.dir/src/comm/pub_handler.cpp.o[0m
[12.835s] In file included from [01m[K/workspaces/isaac_ros-dev/src/ws_livox/src/livox_ros_driver2/src/include/ros_headers.h:31[m[K,
[12.835s]                  from [01m[K/workspaces/isaac_ros-dev/src/ws_livox/src/livox_ros_driver2/src/livox_ros_driver2.cpp:32[m[K:
[12.836s] [01m[K/workspaces/isaac_ros-dev/src/ws_livox/src/livox_ros_driver2/src/include/ros2_headers.h:34:10:[m[K [01;31m[Kfatal error: [m[Kpcl_conversions/pcl_conversions.h: No such file or directory
[12.836s]    34 | #include [01;31m[K<pcl_conversions/pcl_conversions.h>[m[K
[12.836s]       |          [01;31m[K^~~~~~~~~~~~~~~~~~~~~~~~~~~~~~~~~~~[m[K
[12.836s] In file included from [01m[K/workspaces/isaac_ros-dev/src/ws_livox/src/livox_ros_driver2/src/include/ros_headers.h:31[m[K,
[12.836s]                  from [01m[K/workspaces/isaac_ros-dev/src/ws_livox/src/livox_ros_driver2/src/driver_node.h:28[m[K,
[12.836s]                  from [01m[K/workspaces/isaac_ros-dev/src/ws_livox/src/livox_ros_driver2/src/lddc.h:30[m[K,
[12.836s]                  from [01m[K/workspaces/isaac_ros-dev/src/ws_livox/src/livox_ros_driver2/src/lddc.cpp:25[m[K:
[12.836s] [01m[K/workspaces/isaac_ros-dev/src/ws_livox/src/livox_ros_driver2/src/include/ros2_headers.h:34:10:[m[K [01;31m[Kfatal error: [m[Kpcl_conversions/pcl_conversions.h: No such file or directory
[12.836s]    34 | #include [01;31m[K<pcl_conversions/pcl_conversions.h>[m[K
[12.837s]       |          [01;31m[K^~~~~~~~~~~~~~~~~~~~~~~~~~~~~~~~~~~[m[K
[12.837s] compilation terminated.
[12.837s] compilation terminated.
[12.848s] gmake[2]: *** [CMakeFiles/livox_ros_driver2.dir/build.make:90: CMakeFiles/livox_ros_driver2.dir/src/lddc.cpp.o] Error 1
[12.848s] gmake[2]: *** Waiting for unfinished jobs....
[12.848s] gmake[2]: *** [CMakeFiles/livox_ros_driver2.dir/build.make:76: CMakeFiles/livox_ros_driver2.dir/src/livox_ros_driver2.cpp.o] Error 1
[12.924s] In file included from [01m[K/workspaces/isaac_ros-dev/src/ws_livox/src/livox_ros_driver2/src/include/ros_headers.h:31[m[K,
[12.924s]                  from [01m[K/workspaces/isaac_ros-dev/src/ws_livox/src/livox_ros_driver2/src/driver_node.h:28[m[K,
[12.924s]                  from [01m[K/workspaces/isaac_ros-dev/src/ws_livox/src/livox_ros_driver2/src/driver_node.cpp:25[m[K:
[12.924s] [01m[K/workspaces/isaac_ros-dev/src/ws_livox/src/livox_ros_driver2/src/include/ros2_headers.h:34:10:[m[K [01;31m[Kfatal error: [m[Kpcl_conversions/pcl_conversions.h: No such file or directory
[12.925s]    34 | #include [01;31m[K<pcl_conversions/pcl_conversions.h>[m[K
[12.925s]       |          [01;31m[K^~~~~~~~~~~~~~~~~~~~~~~~~~~~~~~~~~~[m[K
[12.925s] compilation terminated.
[12.932s] gmake[2]: *** [CMakeFiles/livox_ros_driver2.dir/build.make:104: CMakeFiles/livox_ros_driver2.dir/src/driver_node.cpp.o] Error 1
[12.943s] [ 73%] [34m[1mGenerating Python code for ROS interfaces[0m
[14.091s] [ 73%] Built target livox_interfaces2__py
[14.133s] [ 77%] [32mBuilding C object CMakeFiles/livox_interfaces2__rosidl_generator_py.dir/rosidl_generator_py/livox_ros_driver2/msg/_custom_point_s.c.o[0m
[14.133s] [ 77%] [32mBuilding C object CMakeFiles/livox_interfaces2__rosidl_generator_py.dir/rosidl_generator_py/livox_ros_driver2/msg/_custom_msg_s.c.o[0m
[14.322s] [ 78%] [32m[1mLinking C shared library rosidl_generator_py/livox_ros_driver2/liblivox_interfaces2__rosidl_generator_py.so[0m
[14.401s] [ 78%] Built target livox_interfaces2__rosidl_generator_py
[14.442s] [ 84%] [32mBuilding C object CMakeFiles/livox_ros_driver2__rosidl_typesupport_c__pyext.dir/rosidl_generator_py/livox_ros_driver2/_livox_ros_driver2_s.ep.rosidl_typesupport_c.c.o[0m
[14.442s] [ 84%] [32mBuilding C object CMakeFiles/livox_ros_driver2__rosidl_typesupport_fastrtps_c__pyext.dir/rosidl_generator_py/livox_ros_driver2/_livox_ros_driver2_s.ep.rosidl_typesupport_fastrtps_c.c.o[0m
[14.442s] [ 84%] [32mBuilding C object CMakeFiles/livox_ros_driver2__rosidl_typesupport_introspection_c__pyext.dir/rosidl_generator_py/livox_ros_driver2/_livox_ros_driver2_s.ep.rosidl_typesupport_introspection_c.c.o[0m
[14.626s] [ 85%] [32m[1mLinking C shared library rosidl_generator_py/livox_ros_driver2/livox_ros_driver2_s__rosidl_typesupport_c.cpython-310-aarch64-linux-gnu.so[0m
[14.627s] [ 87%] [32m[1mLinking C shared library rosidl_generator_py/livox_ros_driver2/livox_ros_driver2_s__rosidl_typesupport_fastrtps_c.cpython-310-aarch64-linux-gnu.so[0m
[14.641s] [ 89%] [32m[1mLinking C shared library rosidl_generator_py/livox_ros_driver2/livox_ros_driver2_s__rosidl_typesupport_introspection_c.cpython-310-aarch64-linux-gnu.so[0m
[14.696s] [ 89%] Built target livox_ros_driver2__rosidl_typesupport_fastrtps_c__pyext
[14.698s] [ 89%] Built target livox_ros_driver2__rosidl_typesupport_c__pyext
[14.711s] [ 89%] Built target livox_ros_driver2__rosidl_typesupport_introspection_c__pyext
[15.015s] gmake[1]: *** [CMakeFiles/Makefile2:595: CMakeFiles/livox_ros_driver2.dir/all] Error 2
[15.015s] gmake[1]: *** Waiting for unfinished jobs....
[16.001s] [ 91%] [32m[1mLinking CXX executable livox_ros_driver2_node[0m
[16.258s] [ 91%] Built target livox_ros_driver2_node
[16.260s] gmake: *** [Makefile:146: all] Error 2
[16.266s] Invoked command in '/workspaces/isaac_ros-dev/src/ws_livox/build/livox_ros_driver2' returned '2': CMAKE_PREFIX_PATH=/opt/ros/humble /usr/bin/cmake --build /workspaces/isaac_ros-dev/src/ws_livox/build/livox_ros_driver2 -- -j12 -l12
