[0.018s] Invoking command in '/workspaces/isaac_ros-dev/src/ws_livox/build/livox_ros_driver2': CMAKE_PREFIX_PATH=/opt/ros/humble /usr/bin/cmake /workspaces/isaac_ros-dev/src/ws_livox/src/livox_ros_driver2 -DROS_EDITION=ROS2 -DHUMBLE_ROS=humble -DCMAKE_INSTALL_PREFIX=/workspaces/isaac_ros-dev/src/ws_livox/install/livox_ros_driver2
[0.120s] -- The C compiler identification is GNU 11.4.0
[0.235s] -- The CXX compiler identification is GNU 11.4.0
[0.259s] -- Detecting C compiler ABI info
[0.417s] -- Detecting C compiler ABI info - done
[0.442s] -- Check for working C compiler: /usr/bin/cc - skipped
[0.443s] -- Detecting C compile features
[0.444s] -- Detecting C compile features - done
[0.456s] -- Detecting CXX compiler ABI info
[0.619s] -- Detecting CXX compiler ABI info - done
[0.633s] -- Check for working CXX compiler: /usr/bin/c++ - skipped
[0.634s] -- Detecting CXX compile features
[0.634s] -- Detecting CXX compile features - done
[0.636s] -- livox_ros_driver2 version: 1.2.4
[0.641s] -- Found ament_cmake_auto: 1.3.11 (/opt/ros/humble/share/ament_cmake_auto/cmake)
[1.919s] -- Found Python3: /usr/bin/python3 (found version "3.10.12") found components: Interpreter 
[2.256s] -- Using all available rosidl_typesupport_c: rosidl_typesupport_fastrtps_c;rosidl_typesupport_introspection_c
[2.273s] -- Found rosidl_adapter: 3.1.6 (/opt/ros/humble/share/rosidl_adapter/cmake)
[2.366s] -- Using all available rosidl_typesupport_cpp: rosidl_typesupport_fastrtps_cpp;rosidl_typesupport_introspection_cpp
[2.499s] -- Found rmw_implementation_cmake: 6.1.2 (/opt/ros/humble/share/rmw_implementation_cmake/cmake)
[2.503s] -- Found rmw_fastrtps_cpp: 6.2.7 (/opt/ros/humble/share/rmw_fastrtps_cpp/cmake)
[2.688s] -- Found OpenSSL: /usr/lib/aarch64-linux-gnu/libcrypto.so (found version "3.0.2")  
[2.753s] -- Found FastRTPS: /opt/ros/humble/include  
[2.836s] -- Using RMW implementation 'rmw_fastrtps_cpp' as default
[2.854s] -- Looking for pthread.h
[2.998s] -- Looking for pthread.h - found
[2.998s] -- Performing Test CMAKE_HAVE_LIBC_PTHREAD
[3.146s] -- Performing Test CMAKE_HAVE_LIBC_PTHREAD - Success
[3.149s] -- Found Threads: TRUE  
[3.485s] -- Checking for module 'eigen3'
[3.510s] --   Found eigen3, version 3.4.0
[3.582s] -- Found Eigen: /usr/include/eigen3 (Required is at least version "3.1") 
[3.583s] -- Eigen found (include: /usr/include/eigen3, version: 3.4.0)
[3.632s] -- Found Boost: /usr/lib/aarch64-linux-gnu/cmake/Boost-1.74.0/BoostConfig.cmake (found suitable version "1.74.0", minimum required is "1.65.0") found components: system filesystem date_time iostreams serialization 
[3.669s] -- Checking for module 'flann'
[3.697s] --   Found flann, version 1.9.1
[3.792s] -- Found FLANN: /usr/lib/aarch64-linux-gnu/libflann_cpp.so  
[3.793s] -- FLANN found (include: /usr/include, lib: /usr/lib/aarch64-linux-gnu/libflann_cpp.so)
[3.848s] -- Found GLEW: /usr/lib/aarch64-linux-gnu/libGLEW.so  
[3.857s] -- Found OpenGL: /usr/lib/aarch64-linux-gnu/libOpenGL.so  found components: OpenGL GLX 
[4.142s] -- Found MPI_C: /usr/lib/aarch64-linux-gnu/libmpi.so (found version "3.1") 
[4.142s] -- Found MPI: TRUE (found version "3.1") found components: C 
[4.147s] -- Found JsonCpp: /usr/lib/aarch64-linux-gnu/libjsoncpp.so (found suitable version "1.9.5", minimum required is "0.7.0") 
[4.166s] -- Found ZLIB: /usr/lib/aarch64-linux-gnu/libz.so (found version "1.2.11") 
[4.198s] -- Found PNG: /usr/lib/aarch64-linux-gnu/libpng.so (found version "1.6.37") 
[4.221s] -- Found Eigen3: /usr/include/eigen3 (found version "3.4.0") 
[4.401s] -- Found X11: /usr/include   
[4.402s] -- Looking for XOpenDisplay in /usr/lib/aarch64-linux-gnu/libX11.so;/usr/lib/aarch64-linux-gnu/libXext.so
[4.559s] -- Looking for XOpenDisplay in /usr/lib/aarch64-linux-gnu/libX11.so;/usr/lib/aarch64-linux-gnu/libXext.so - found
[4.560s] -- Looking for gethostbyname
[4.717s] -- Looking for gethostbyname - found
[4.718s] -- Looking for connect
[4.869s] -- Looking for connect - found
[4.869s] -- Looking for remove
[5.030s] -- Looking for remove - found
[5.030s] -- Looking for shmat
[5.202s] -- Looking for shmat - found
[5.202s] -- Looking for IceConnectionNumber in ICE
[5.368s] -- Looking for IceConnectionNumber in ICE - found
[5.584s] -- Found EXPAT: /usr/lib/aarch64-linux-gnu/libexpat.so (found version "2.4.7") 
[5.589s] -- Found double-conversion: /usr/lib/aarch64-linux-gnu/libdouble-conversion.so  
[5.595s] -- Found LZ4: /usr/lib/aarch64-linux-gnu/liblz4.so (found version "1.9.3") 
[5.598s] -- Found LZMA: /usr/lib/aarch64-linux-gnu/liblzma.so (found version "5.2.5") 
[5.628s] -- Found JPEG: /usr/lib/aarch64-linux-gnu/libjpeg.so (found version "80") 
[5.638s] -- Found TIFF: /usr/lib/aarch64-linux-gnu/libtiff.so (found version "4.3.0")  
[5.645s] -- Found Freetype: /usr/lib/aarch64-linux-gnu/libfreetype.so (found version "2.11.1") 
[5.655s] -- Found utf8cpp: /usr/include/utf8cpp  
[5.818s] -- Checking for module 'libusb-1.0'
[5.855s] --   Found libusb-1.0, version 1.0.25
[5.947s] -- Found libusb: /usr/lib/aarch64-linux-gnu/libusb-1.0.so  
[5.948s] -- Found OpenNI: /usr/lib/libOpenNI.so;libusb::libusb (found version "1.5.4.0") 
[5.949s] -- OpenNI found (version: 1.5.4.0, include: /usr/include/ni, lib: /usr/lib/libOpenNI.so;libusb::libusb)
[6.090s] -- Found OpenNI2: /usr/lib/aarch64-linux-gnu/libOpenNI2.so;libusb::libusb (found version "2.2.0.33") 
[6.091s] -- OpenNI2 found (version: 2.2.0.33, include: /usr/include/openni2, lib: /usr/lib/aarch64-linux-gnu/libOpenNI2.so;libusb::libusb)
[6.091s] [0m** WARNING ** io features related to pcap will be disabled[0m
[6.370s] -- Eigen found (include: /usr/include/eigen3, version: 3.4.0)
[6.383s] -- OpenNI found (version: 1.5.4.0, include: /usr/include/ni, lib: /usr/lib/libOpenNI.so;libusb::libusb)
[6.395s] -- OpenNI2 found (version: 2.2.0.33, include: /usr/include/openni2, lib: /usr/lib/aarch64-linux-gnu/libOpenNI2.so;libusb::libusb)
[6.619s] -- Found Qhull version 8.0.2
[6.842s] -- OpenNI found (version: 1.5.4.0, include: /usr/include/ni, lib: /usr/lib/libOpenNI.so;libusb::libusb)
[7.071s] -- looking for PCL_COMMON
[7.074s] -- Found PCL_COMMON: /usr/lib/aarch64-linux-gnu/libpcl_common.so  
[7.075s] -- looking for PCL_KDTREE
[7.077s] -- Found PCL_KDTREE: /usr/lib/aarch64-linux-gnu/libpcl_kdtree.so  
[7.078s] -- looking for PCL_OCTREE
[7.079s] -- Found PCL_OCTREE: /usr/lib/aarch64-linux-gnu/libpcl_octree.so  
[7.079s] -- looking for PCL_SEARCH
[7.080s] -- Found PCL_SEARCH: /usr/lib/aarch64-linux-gnu/libpcl_search.so  
[7.080s] -- looking for PCL_SAMPLE_CONSENSUS
[7.081s] -- Found PCL_SAMPLE_CONSENSUS: /usr/lib/aarch64-linux-gnu/libpcl_sample_consensus.so  
[7.082s] -- looking for PCL_FILTERS
[7.082s] -- Found PCL_FILTERS: /usr/lib/aarch64-linux-gnu/libpcl_filters.so  
[7.083s] -- looking for PCL_2D
[7.083s] -- Found PCL_2D: /usr/include/pcl-1.12  
[7.084s] -- looking for PCL_GEOMETRY
[7.084s] -- Found PCL_GEOMETRY: /usr/include/pcl-1.12  
[7.084s] -- looking for PCL_IO
[7.085s] -- Found PCL_IO: /usr/lib/aarch64-linux-gnu/libpcl_io.so  
[7.086s] -- looking for PCL_FEATURES
[7.087s] -- Found PCL_FEATURES: /usr/lib/aarch64-linux-gnu/libpcl_features.so  
[7.087s] -- looking for PCL_ML
[7.089s] -- Found PCL_ML: /usr/lib/aarch64-linux-gnu/libpcl_ml.so  
[7.089s] -- looking for PCL_SEGMENTATION
[7.090s] -- Found PCL_SEGMENTATION: /usr/lib/aarch64-linux-gnu/libpcl_segmentation.so  
[7.090s] -- looking for PCL_VISUALIZATION
[7.091s] -- Found PCL_VISUALIZATION: /usr/lib/aarch64-linux-gnu/libpcl_visualization.so  
[7.092s] -- looking for PCL_SURFACE
[7.093s] -- Found PCL_SURFACE: /usr/lib/aarch64-linux-gnu/libpcl_surface.so  
[7.093s] -- looking for PCL_REGISTRATION
[7.094s] -- Found PCL_REGISTRATION: /usr/lib/aarch64-linux-gnu/libpcl_registration.so  
[7.094s] -- looking for PCL_KEYPOINTS
[7.096s] -- Found PCL_KEYPOINTS: /usr/lib/aarch64-linux-gnu/libpcl_keypoints.so  
[7.096s] -- looking for PCL_TRACKING
[7.097s] -- Found PCL_TRACKING: /usr/lib/aarch64-linux-gnu/libpcl_tracking.so  
[7.097s] -- looking for PCL_RECOGNITION
[7.098s] -- Found PCL_RECOGNITION: /usr/lib/aarch64-linux-gnu/libpcl_recognition.so  
[7.098s] -- looking for PCL_STEREO
[7.099s] -- Found PCL_STEREO: /usr/lib/aarch64-linux-gnu/libpcl_stereo.so  
[7.100s] -- looking for PCL_APPS
[7.100s] -- Found PCL_APPS: /usr/lib/aarch64-linux-gnu/libpcl_apps.so  
[7.101s] -- looking for PCL_IN_HAND_SCANNER
[7.102s] -- Found PCL_IN_HAND_SCANNER: /usr/include/pcl-1.12  
[7.102s] -- looking for PCL_MODELER
[7.102s] -- Found PCL_MODELER: /usr/include/pcl-1.12  
[7.103s] -- looking for PCL_POINT_CLOUD_EDITOR
[7.103s] -- Found PCL_POINT_CLOUD_EDITOR: /usr/include/pcl-1.12  
[7.104s] -- looking for PCL_OUTOFCORE
[7.104s] -- Found PCL_OUTOFCORE: /usr/lib/aarch64-linux-gnu/libpcl_outofcore.so  
[7.104s] -- looking for PCL_PEOPLE
[7.105s] -- Found PCL_PEOPLE: /usr/lib/aarch64-linux-gnu/libpcl_people.so  
[7.107s] -- Found PCL: pcl_common;pcl_kdtree;pcl_octree;pcl_search;pcl_sample_consensus;pcl_filters;pcl_io;pcl_features;pcl_ml;pcl_segmentation;pcl_visualization;pcl_surface;pcl_registration;pcl_keypoints;pcl_tracking;pcl_recognition;pcl_stereo;pcl_apps;pcl_outofcore;pcl_people;Boost::system;Boost::filesystem;Boost::date_time;Boost::iostreams;Boost::serialization;/usr/lib/libOpenNI.so;libusb::libusb;/usr/lib/aarch64-linux-gnu/libOpenNI2.so;libusb::libusb;VTK::ChartsCore;VTK::CommonColor;VTK::CommonComputationalGeometry;VTK::CommonCore;VTK::CommonDataModel;VTK::CommonExecutionModel;VTK::CommonMath;VTK::CommonMisc;VTK::CommonTransforms;VTK::FiltersCore;VTK::FiltersExtraction;VTK::FiltersGeneral;VTK::FiltersGeometry;VTK::FiltersModeling;VTK::FiltersSources;VTK::ImagingCore;VTK::ImagingSources;VTK::InteractionImage;VTK::InteractionStyle;VTK::InteractionWidgets;VTK::IOCore;VTK::IOGeometry;VTK::IOImage;VTK::IOLegacy;VTK::IOPLY;VTK::RenderingAnnotation;VTK::RenderingCore;VTK::RenderingContext2D;VTK::RenderingLOD;VTK::RenderingFreeType;VTK::ViewsCore;VTK::ViewsContext2D;VTK::RenderingOpenGL2;VTK::GUISupportQt;FLANN::FLANN;QHULL::QHULL  
[7.120s] -- Found PkgConfig: /usr/bin/pkg-config (found version "0.29.2") 
[7.121s] -- Checking for module 'apr-1'
[7.127s] --   No package 'apr-1' found
[7.547s] -- Found ament_cmake_ros: 0.10.0 (/opt/ros/humble/share/ament_cmake_ros/cmake)
[8.032s] -- Using all available rosidl_typesupport_c: rosidl_typesupport_fastrtps_c;rosidl_typesupport_introspection_c
[8.683s] -- Using all available rosidl_typesupport_cpp: rosidl_typesupport_fastrtps_cpp;rosidl_typesupport_introspection_cpp
[8.740s] -- Found PythonInterp: /usr/bin/python3 (found suitable version "3.10.12", minimum required is "3.6") 
[8.750s] -- Found python_cmake_module: 0.10.0 (/opt/ros/humble/share/python_cmake_module/cmake)
[8.815s] -- Found PythonLibs: /usr/lib/aarch64-linux-gnu/libpython3.10.so (found suitable version "3.10.12", minimum required is "3.5") 
[8.815s] -- Using PYTHON_EXECUTABLE: /usr/bin/python3
[8.815s] -- Using PYTHON_INCLUDE_DIRS: /usr/include/python3.10
[8.816s] -- Using PYTHON_LIBRARIES: /usr/lib/aarch64-linux-gnu/libpython3.10.so
[8.869s] -- Found PythonExtra: .so  
[9.025s] -- Found ament_lint_auto: 0.12.11 (/opt/ros/humble/share/ament_lint_auto/cmake)
[9.077s] -- Added test 'copyright' to check source files copyright and LICENSE
[9.086s] -- Added test 'cppcheck' to perform static code analysis on C / C++ code
[9.087s] -- Configured cppcheck include dirs: /workspaces/isaac_ros-dev/src/ws_livox/src/livox_ros_driver2/3rdparty;/workspaces/isaac_ros-dev/src/ws_livox/src/livox_ros_driver2/src
[9.087s] -- Configured cppcheck exclude dirs and/or files: 
[9.096s] -- Added test 'cpplint' to check C / C++ code against the Google style
[9.096s] -- Configured cpplint exclude dirs and/or files: 
[9.097s] -- Added test 'flake8' to check Python code syntax and style conventions
[9.100s] -- Added test 'lint_cmake' to check CMake code style
[9.102s] -- Added test 'pep257' to check Python code against some of the docstring style conventions in PEP 257
[9.111s] -- Added test 'uncrustify' to check C / C++ code style
[9.111s] -- Configured uncrustify additional arguments: 
[9.112s] -- Added test 'xmllint' to check XML markup files
[9.117s] -- Configuring done
[9.230s] -- Generating done
[9.267s] -- Build files have been written to: /workspaces/isaac_ros-dev/src/ws_livox/build/livox_ros_driver2
[9.321s] Invoked command in '/workspaces/isaac_ros-dev/src/ws_livox/build/livox_ros_driver2' returned '0': CMAKE_PREFIX_PATH=/opt/ros/humble /usr/bin/cmake /workspaces/isaac_ros-dev/src/ws_livox/src/livox_ros_driver2 -DROS_EDITION=ROS2 -DHUMBLE_ROS=humble -DCMAKE_INSTALL_PREFIX=/workspaces/isaac_ros-dev/src/ws_livox/install/livox_ros_driver2
[9.327s] Invoking command in '/workspaces/isaac_ros-dev/src/ws_livox/build/livox_ros_driver2': CMAKE_PREFIX_PATH=/opt/ros/humble /usr/bin/cmake --build /workspaces/isaac_ros-dev/src/ws_livox/build/livox_ros_driver2 -- -j12 -l12
[9.418s] [  1%] [34m[1mGenerating C code for ROS interfaces[0m
[9.438s] [  5%] [34m[1mGenerating C++ code for ROS interfaces[0m
[9.439s] [  5%] [32mBuilding CXX object CMakeFiles/livox_ros_driver2_node.dir/rclcpp_components/node_main_livox_ros_driver2_node.cpp.o[0m
[9.456s] [  5%] Built target ament_cmake_python_copy_livox_ros_driver2
[10.144s] running egg_info
[10.148s] creating livox_ros_driver2.egg-info
[10.150s] [  8%] [32mBuilding C object CMakeFiles/livox_interfaces2__rosidl_generator_c.dir/rosidl_generator_c/livox_ros_driver2/msg/detail/custom_point__functions.c.o[0m
[10.151s] [  8%] [32mBuilding C object CMakeFiles/livox_interfaces2__rosidl_generator_c.dir/rosidl_generator_c/livox_ros_driver2/msg/detail/custom_msg__functions.c.o[0m
[10.153s] [  8%] Built target livox_interfaces2__cpp
[10.175s] [ 10%] [34m[1mGenerating C++ type support dispatch for ROS interfaces[0m
[10.175s] [ 12%] [34m[1mGenerating C++ introspection for ROS interfaces[0m
[10.175s] [ 14%] [34m[1mGenerating C++ type support for eProsima Fast-RTPS[0m
[10.176s] writing livox_ros_driver2.egg-info/PKG-INFO
[10.177s] writing dependency_links to livox_ros_driver2.egg-info/dependency_links.txt
[10.178s] writing top-level names to livox_ros_driver2.egg-info/top_level.txt
[10.178s] writing manifest file 'livox_ros_driver2.egg-info/SOURCES.txt'
[10.246s] [ 15%] [32m[1mLinking C shared library liblivox_ros_driver2__rosidl_generator_c.so[0m
[10.324s] [ 15%] Built target livox_interfaces2__rosidl_generator_c
[10.344s] [ 17%] [34m[1mGenerating C type support for eProsima Fast-RTPS[0m
[10.347s] [ 19%] [34m[1mGenerating C type support dispatch for ROS interfaces[0m
[10.348s] [ 21%] [34m[1mGenerating C introspection for ROS interfaces[0m
[10.607s] reading manifest file 'livox_ros_driver2.egg-info/SOURCES.txt'
[10.608s] writing manifest file 'livox_ros_driver2.egg-info/SOURCES.txt'
[10.806s] [ 21%] Built target ament_cmake_python_build_livox_ros_driver2_egg
[10.926s] [ 22%] [32mBuilding CXX object CMakeFiles/livox_interfaces2__rosidl_typesupport_cpp.dir/rosidl_typesupport_cpp/livox_ros_driver2/msg/custom_point__type_support.cpp.o[0m
[10.930s] [ 24%] [32mBuilding CXX object CMakeFiles/livox_interfaces2__rosidl_typesupport_cpp.dir/rosidl_typesupport_cpp/livox_ros_driver2/msg/custom_msg__type_support.cpp.o[0m
[10.930s] [ 26%] [32mBuilding CXX object CMakeFiles/livox_interfaces2__rosidl_typesupport_fastrtps_cpp.dir/rosidl_typesupport_fastrtps_cpp/livox_ros_driver2/msg/detail/dds_fastrtps/custom_point__type_support.cpp.o[0m
[10.967s] [ 28%] [32mBuilding CXX object CMakeFiles/livox_interfaces2__rosidl_typesupport_fastrtps_cpp.dir/rosidl_typesupport_fastrtps_cpp/livox_ros_driver2/msg/detail/dds_fastrtps/custom_msg__type_support.cpp.o[0m
[11.015s] [ 29%] [32mBuilding CXX object CMakeFiles/livox_interfaces2__rosidl_typesupport_c.dir/rosidl_typesupport_c/livox_ros_driver2/msg/custom_point__type_support.cpp.o[0m
[11.031s] [ 31%] [32mBuilding CXX object CMakeFiles/livox_interfaces2__rosidl_typesupport_c.dir/rosidl_typesupport_c/livox_ros_driver2/msg/custom_msg__type_support.cpp.o[0m
[11.061s] [ 35%] [32mBuilding C object CMakeFiles/livox_interfaces2__rosidl_typesupport_introspection_c.dir/rosidl_typesupport_introspection_c/livox_ros_driver2/msg/detail/custom_msg__type_support.c.o[0m
[11.061s] [ 35%] [32mBuilding C object CMakeFiles/livox_interfaces2__rosidl_typesupport_introspection_c.dir/rosidl_typesupport_introspection_c/livox_ros_driver2/msg/detail/custom_point__type_support.c.o[0m
[11.080s] [ 36%] [32mBuilding CXX object CMakeFiles/livox_interfaces2__rosidl_typesupport_introspection_cpp.dir/rosidl_typesupport_introspection_cpp/livox_ros_driver2/msg/detail/custom_point__type_support.cpp.o[0m
[11.084s] [ 38%] [32mBuilding CXX object CMakeFiles/livox_interfaces2__rosidl_typesupport_introspection_cpp.dir/rosidl_typesupport_introspection_cpp/livox_ros_driver2/msg/detail/custom_msg__type_support.cpp.o[0m
[11.117s] [ 40%] [32mBuilding CXX object CMakeFiles/livox_interfaces2__rosidl_typesupport_fastrtps_c.dir/rosidl_typesupport_fastrtps_c/livox_ros_driver2/msg/detail/custom_point__type_support_c.cpp.o[0m
[11.132s] [ 42%] [32mBuilding CXX object CMakeFiles/livox_interfaces2__rosidl_typesupport_fastrtps_c.dir/rosidl_typesupport_fastrtps_c/livox_ros_driver2/msg/detail/custom_msg__type_support_c.cpp.o[0m
[11.134s] [ 43%] [32m[1mLinking CXX shared library liblivox_ros_driver2__rosidl_typesupport_c.so[0m
[11.182s] [ 45%] [32m[1mLinking C shared library liblivox_ros_driver2__rosidl_typesupport_introspection_c.so[0m
[11.249s] [ 45%] Built target livox_interfaces2__rosidl_typesupport_c
[11.278s] [ 45%] Built target livox_interfaces2__rosidl_typesupport_introspection_c
[11.499s] [ 47%] [32m[1mLinking CXX shared library liblivox_ros_driver2__rosidl_typesupport_cpp.so[0m
[11.577s] [ 47%] Built target livox_interfaces2__rosidl_typesupport_cpp
[11.627s] [ 50%] [32mBuilding CXX object CMakeFiles/livox_ros_driver2.dir/src/lds.cpp.o[0m
[11.627s] [ 52%] [32mBuilding CXX object CMakeFiles/livox_ros_driver2.dir/src/lds_lidar.cpp.o[0m
[11.628s] [ 50%] [32mBuilding CXX object CMakeFiles/livox_ros_driver2.dir/src/livox_ros_driver2.cpp.o[0m
[11.634s] [ 54%] [32mBuilding CXX object CMakeFiles/livox_ros_driver2.dir/src/lddc.cpp.o[0m
[11.643s] [ 56%] [32mBuilding CXX object CMakeFiles/livox_ros_driver2.dir/src/driver_node.cpp.o[0m
[11.735s] [ 57%] [32mBuilding CXX object CMakeFiles/livox_ros_driver2.dir/src/comm/comm.cpp.o[0m
[11.850s] [ 59%] [32mBuilding CXX object CMakeFiles/livox_ros_driver2.dir/src/comm/ldq.cpp.o[0m
[11.869s] [ 61%] [32m[1mLinking CXX shared library liblivox_ros_driver2__rosidl_typesupport_fastrtps_cpp.so[0m
[11.907s] [ 63%] [32mBuilding CXX object CMakeFiles/livox_ros_driver2.dir/src/comm/semaphore.cpp.o[0m
[11.929s] [ 64%] [32m[1mLinking CXX shared library liblivox_ros_driver2__rosidl_typesupport_introspection_cpp.so[0m
[11.972s] [ 66%] [32m[1mLinking CXX shared library liblivox_ros_driver2__rosidl_typesupport_fastrtps_c.so[0m
[12.089s] [ 66%] Built target livox_interfaces2__rosidl_typesupport_fastrtps_cpp
[12.140s] [ 68%] [32mBuilding CXX object CMakeFiles/livox_ros_driver2.dir/src/comm/lidar_imu_data_queue.cpp.o[0m
[12.181s] [ 68%] Built target livox_interfaces2__rosidl_typesupport_introspection_cpp
[12.208s] [ 68%] Built target livox_interfaces2__rosidl_typesupport_fastrtps_c
[12.232s] [ 70%] [32mBuilding CXX object CMakeFiles/livox_ros_driver2.dir/src/comm/cache_index.cpp.o[0m
[12.439s] [ 70%] Built target livox_interfaces2
[12.519s] [ 71%] [32mBuilding CXX object CMakeFiles/livox_ros_driver2.dir/src/comm/pub_handler.cpp.o[0m
[12.806s] In file included from [01m[K/workspaces/isaac_ros-dev/src/ws_livox/src/livox_ros_driver2/src/include/ros_headers.h:31[m[K,
[12.806s]                  from [01m[K/workspaces/isaac_ros-dev/src/ws_livox/src/livox_ros_driver2/src/livox_ros_driver2.cpp:32[m[K:
[12.806s] [01m[K/workspaces/isaac_ros-dev/src/ws_livox/src/livox_ros_driver2/src/include/ros2_headers.h:34:10:[m[K [01;31m[Kfatal error: [m[Kpcl_conversions/pcl_conversions.h: No such file or directory
[12.806s]    34 | #include [01;31m[K<pcl_conversions/pcl_conversions.h>[m[K
[12.806s]       |          [01;31m[K^~~~~~~~~~~~~~~~~~~~~~~~~~~~~~~~~~~[m[K
[12.806s] compilation terminated.
[12.819s] gmake[2]: *** [CMakeFiles/livox_ros_driver2.dir/build.make:76: CMakeFiles/livox_ros_driver2.dir/src/livox_ros_driver2.cpp.o] Error 1
[12.819s] gmake[2]: *** Waiting for unfinished jobs....
[12.820s] In file included from [01m[K/workspaces/isaac_ros-dev/src/ws_livox/src/livox_ros_driver2/src/include/ros_headers.h:31[m[K,
[12.820s]                  from [01m[K/workspaces/isaac_ros-dev/src/ws_livox/src/livox_ros_driver2/src/driver_node.h:28[m[K,
[12.820s]                  from [01m[K/workspaces/isaac_ros-dev/src/ws_livox/src/livox_ros_driver2/src/lddc.h:30[m[K,
[12.820s]                  from [01m[K/workspaces/isaac_ros-dev/src/ws_livox/src/livox_ros_driver2/src/lddc.cpp:25[m[K:
[12.820s] [01m[K/workspaces/isaac_ros-dev/src/ws_livox/src/livox_ros_driver2/src/include/ros2_headers.h:34:10:[m[K [01;31m[Kfatal error: [m[Kpcl_conversions/pcl_conversions.h: No such file or directory
[12.820s]    34 | #include [01;31m[K<pcl_conversions/pcl_conversions.h>[m[K
[12.820s]       |          [01;31m[K^~~~~~~~~~~~~~~~~~~~~~~~~~~~~~~~~~~[m[K
[12.820s] compilation terminated.
[12.825s] gmake[2]: *** [CMakeFiles/livox_ros_driver2.dir/build.make:90: CMakeFiles/livox_ros_driver2.dir/src/lddc.cpp.o] Error 1
[12.903s] [ 73%] [34m[1mGenerating Python code for ROS interfaces[0m
[12.976s] In file included from [01m[K/workspaces/isaac_ros-dev/src/ws_livox/src/livox_ros_driver2/src/include/ros_headers.h:31[m[K,
[12.976s]                  from [01m[K/workspaces/isaac_ros-dev/src/ws_livox/src/livox_ros_driver2/src/driver_node.h:28[m[K,
[12.976s]                  from [01m[K/workspaces/isaac_ros-dev/src/ws_livox/src/livox_ros_driver2/src/driver_node.cpp:25[m[K:
[12.976s] [01m[K/workspaces/isaac_ros-dev/src/ws_livox/src/livox_ros_driver2/src/include/ros2_headers.h:34:10:[m[K [01;31m[Kfatal error: [m[Kpcl_conversions/pcl_conversions.h: No such file or directory
[12.976s]    34 | #include [01;31m[K<pcl_conversions/pcl_conversions.h>[m[K
[12.976s]       |          [01;31m[K^~~~~~~~~~~~~~~~~~~~~~~~~~~~~~~~~~~[m[K
[12.976s] compilation terminated.
[12.989s] gmake[2]: *** [CMakeFiles/livox_ros_driver2.dir/build.make:104: CMakeFiles/livox_ros_driver2.dir/src/driver_node.cpp.o] Error 1
[14.079s] [ 73%] Built target livox_interfaces2__py
[14.116s] [ 77%] [32mBuilding C object CMakeFiles/livox_interfaces2__rosidl_generator_py.dir/rosidl_generator_py/livox_ros_driver2/msg/_custom_point_s.c.o[0m
[14.117s] [ 77%] [32mBuilding C object CMakeFiles/livox_interfaces2__rosidl_generator_py.dir/rosidl_generator_py/livox_ros_driver2/msg/_custom_msg_s.c.o[0m
[14.310s] [ 78%] [32m[1mLinking C shared library rosidl_generator_py/livox_ros_driver2/liblivox_interfaces2__rosidl_generator_py.so[0m
[14.379s] [ 78%] Built target livox_interfaces2__rosidl_generator_py
[14.418s] [ 84%] [32mBuilding C object CMakeFiles/livox_ros_driver2__rosidl_typesupport_c__pyext.dir/rosidl_generator_py/livox_ros_driver2/_livox_ros_driver2_s.ep.rosidl_typesupport_c.c.o[0m
[14.419s] [ 84%] [32mBuilding C object CMakeFiles/livox_ros_driver2__rosidl_typesupport_fastrtps_c__pyext.dir/rosidl_generator_py/livox_ros_driver2/_livox_ros_driver2_s.ep.rosidl_typesupport_fastrtps_c.c.o[0m
[14.419s] [ 84%] [32mBuilding C object CMakeFiles/livox_ros_driver2__rosidl_typesupport_introspection_c__pyext.dir/rosidl_generator_py/livox_ros_driver2/_livox_ros_driver2_s.ep.rosidl_typesupport_introspection_c.c.o[0m
[14.615s] [ 85%] [32m[1mLinking C shared library rosidl_generator_py/livox_ros_driver2/livox_ros_driver2_s__rosidl_typesupport_c.cpython-310-aarch64-linux-gnu.so[0m
[14.619s] [ 87%] [32m[1mLinking C shared library rosidl_generator_py/livox_ros_driver2/livox_ros_driver2_s__rosidl_typesupport_fastrtps_c.cpython-310-aarch64-linux-gnu.so[0m
[14.620s] [ 89%] [32m[1mLinking C shared library rosidl_generator_py/livox_ros_driver2/livox_ros_driver2_s__rosidl_typesupport_introspection_c.cpython-310-aarch64-linux-gnu.so[0m
[14.685s] [ 89%] Built target livox_ros_driver2__rosidl_typesupport_c__pyext
[14.693s] [ 89%] Built target livox_ros_driver2__rosidl_typesupport_fastrtps_c__pyext
[14.693s] [ 89%] Built target livox_ros_driver2__rosidl_typesupport_introspection_c__pyext
[15.068s] gmake[1]: *** [CMakeFiles/Makefile2:595: CMakeFiles/livox_ros_driver2.dir/all] Error 2
[15.068s] gmake[1]: *** Waiting for unfinished jobs....
[16.137s] [ 91%] [32m[1mLinking CXX executable livox_ros_driver2_node[0m
[16.365s] [ 91%] Built target livox_ros_driver2_node
[16.367s] gmake: *** [Makefile:146: all] Error 2
[16.373s] Invoked command in '/workspaces/isaac_ros-dev/src/ws_livox/build/livox_ros_driver2' returned '2': CMAKE_PREFIX_PATH=/opt/ros/humble /usr/bin/cmake --build /workspaces/isaac_ros-dev/src/ws_livox/build/livox_ros_driver2 -- -j12 -l12
